<?xml version="1.0" encoding="UTF-8"?>
<!-- Generated by org.testng.reporters.JUnitReportReporter -->
<testsuite hostname="DESKTOP-PIF7RJ3" failures="0" tests="3" name="testNGConcepts.priorityInTestNg" time="0.006" errors="0" timestamp="2024-12-13T18:47:27 IST" skipped="0">
  <testcase classname="testNGConcepts.priorityInTestNg" name="method3" time="0.005"/>
  <testcase classname="testNGConcepts.priorityInTestNg" name="method1" time="0.000"/>
  <testcase classname="testNGConcepts.priorityInTestNg" name="method2" time="0.001"/>
</testsuite> <!-- testNGConcepts.priorityInTestNg -->
