<?xml version="1.0" encoding="UTF-8"?>
<!-- Generated by org.testng.reporters.JUnitReportReporter -->
<testsuite hostname="DESKTOP-PIF7RJ3" failures="0" tests="2" name="testNGConcepts.testNgDemo" time="0.008" errors="0" timestamp="2024-12-13T18:45:05 IST" skipped="0">
  <testcase classname="testNGConcepts.testNgDemo" name="method2" time="0.006"/>
  <testcase classname="testNGConcepts.testNgDemo" name="method1" time="0.002"/>
</testsuite> <!-- testNGConcepts.testNgDemo -->
