<?xml version="1.0" encoding="UTF-8"?>
<!-- Generated by org.testng.reporters.JUnitReportReporter -->
<testsuite hostname="DESKTOP-PIF7RJ3" failures="0" tests="1" name="testNGConcepts.dependsOnConceptTestNg" time="0.010" errors="0" timestamp="2024-12-14T00:17:09 IST" skipped="0">
  <testcase classname="testNGConcepts.dependsOnConceptTestNg" name="method3" time="0.010"/>
</testsuite> <!-- testNGConcepts.dependsOnConceptTestNg -->
