<?xml version="1.0" encoding="UTF-8"?>
<!-- Generated by org.testng.reporters.JUnitReportReporter -->
<testsuite hostname="DESKTOP-PIF7RJ3" failures="0" tests="1" name="testNGConcepts.parameterizationTestNg" time="4.478" errors="0" timestamp="2024-12-14T00:49:43 IST" skipped="0">
  <testcase classname="testNGConcepts.parameterizationTestNg" name="login" time="4.478"/>
</testsuite> <!-- testNGConcepts.parameterizationTestNg -->
