<?xml version="1.0" encoding="UTF-8"?>
<!-- Generated by org.testng.reporters.JUnitReportReporter -->
<testsuite hostname="DESKTOP-PIF7RJ3" failures="0" tests="1" name="testNGConcepts.testNgDemo1" time="0.002" errors="0" timestamp="2024-12-13T18:41:29 IST" skipped="0">
  <testcase classname="testNGConcepts.testNgDemo1" name="method1" time="0.002"/>
</testsuite> <!-- testNGConcepts.testNgDemo1 -->
