<?xml version="1.0" encoding="UTF-8"?>
<!-- Generated by org.testng.reporters.JUnitReportReporter -->
<testsuite hostname="DESKTOP-PIF7RJ3" failures="0" tests="1" name="testNGConcepts.groupDemoTestNg" time="0.007" errors="0" timestamp="2024-12-14T00:30:02 IST" skipped="0">
  <testcase classname="testNGConcepts.groupDemoTestNg" name="method2" time="0.007"/>
</testsuite> <!-- testNGConcepts.groupDemoTestNg -->
