<?xml version="1.0" encoding="UTF-8"?>
<!-- Generated by org.testng.reporters.JUnitReportReporter -->
<testsuite hostname="DESKTOP-PIF7RJ3" failures="0" tests="1" name="SeleniumConcepts.testNgDEmo" time="0.001" errors="0" timestamp="2024-12-10T20:55:22 IST" skipped="0">
  <testcase classname="SeleniumConcepts.testNgDEmo" name="method" time="0.001"/>
</testsuite> <!-- SeleniumConcepts.testNgDEmo -->
