<?xml version="1.0" encoding="UTF-8"?>
<!-- Generated by org.testng.reporters.JUnitReportReporter -->
<testsuite hostname="DESKTOP-PIF7RJ3" failures="0" tests="1" name="TestCases.loginTestCases" time="9.885" errors="0" timestamp="2024-12-19T15:08:14 IST" skipped="0">
  <testcase classname="TestCases.loginTestCases" name="verifyLoginWithValidData" time="9.885"/>
</testsuite> <!-- TestCases.loginTestCases -->
