<?xml version="1.0" encoding="UTF-8"?>
<!-- Generated by org.testng.reporters.JUnitReportReporter -->
<testsuite hostname="DESKTOP-PIF7RJ3" failures="0" tests="2" name="TestCases.RegisterTestCases" time="24.883" errors="0" timestamp="2024-12-19T15:08:14 IST" skipped="0">
  <testcase classname="TestCases.RegisterTestCases" name="verifyRegisterationWithValidBlankData" time="14.894"/>
  <testcase classname="TestCases.RegisterTestCases" name="verifyRegisterationWithValidData" time="9.989"/>
</testsuite> <!-- TestCases.RegisterTestCases -->
